<?xml version="1.0" encoding="UTF-8"?>
<testsuite xmlns:xsi="http://www.w3.org/2001/XMLSchema-instance" xsi:noNamespaceSchemaLocation="https://maven.apache.org/surefire/maven-surefire-plugin/xsd/surefire-test-report.xsd" name="org.factoriaf5.imc.IMCTest" time="0.059" tests="4" errors="4" skipped="0" failures="0">
  <properties>
    <property name="java.specification.version" value="21"/>
    <property name="sun.cpu.isalist" value="amd64"/>
    <property name="sun.jnu.encoding" value="Cp1252"/>
    <property name="java.class.path" value="C:\Users\Kevin\Desktop\Factoria5-Proyectos\body_mass_index\target\test-classes;C:\Users\Kevin\Desktop\Factoria5-Proyectos\body_mass_index\target\classes;C:\Users\Kevin\.m2\repository\junit\junit\4.11\junit-4.11.jar;C:\Users\Kevin\.m2\repository\org\hamcrest\hamcrest-core\1.3\hamcrest-core-1.3.jar;"/>
    <property name="java.vm.vendor" value="Oracle Corporation"/>
    <property name="sun.arch.data.model" value="64"/>
    <property name="user.variant" value=""/>
    <property name="java.vendor.url" value="https://java.oracle.com/"/>
    <property name="user.timezone" value="Europe/Madrid"/>
    <property name="os.name" value="Windows 10"/>
    <property name="java.vm.specification.version" value="21"/>
    <property name="sun.java.launcher" value="SUN_STANDARD"/>
    <property name="user.country" value="ES"/>
    <property name="sun.boot.library.path" value="C:\Program Files\Java\jdk-21\bin"/>
    <property name="sun.java.command" value="C:\Users\Kevin\AppData\Local\Temp\surefire967832176433651508\surefirebooter8681117958658034037.jar C:\Users\Kevin\AppData\Local\Temp\surefire967832176433651508 2024-11-18T00-52-13_442-jvmRun1 surefire427253504111539436tmp surefire_017722366913183687027tmp"/>
    <property name="jdk.debug" value="release"/>
    <property name="surefire.test.class.path" value="C:\Users\Kevin\Desktop\Factoria5-Proyectos\body_mass_index\target\test-classes;C:\Users\Kevin\Desktop\Factoria5-Proyectos\body_mass_index\target\classes;C:\Users\Kevin\.m2\repository\junit\junit\4.11\junit-4.11.jar;C:\Users\Kevin\.m2\repository\org\hamcrest\hamcrest-core\1.3\hamcrest-core-1.3.jar;"/>
    <property name="sun.cpu.endian" value="little"/>
    <property name="user.home" value="C:\Users\Kevin"/>
    <property name="user.language" value="es"/>
    <property name="java.specification.vendor" value="Oracle Corporation"/>
    <property name="java.version.date" value="2024-07-16"/>
    <property name="java.home" value="C:\Program Files\Java\jdk-21"/>
    <property name="file.separator" value="\"/>
    <property name="basedir" value="C:\Users\Kevin\Desktop\Factoria5-Proyectos\body_mass_index"/>
    <property name="java.vm.compressedOopsMode" value="Zero based"/>
    <property name="line.separator" value="&#10;"/>
    <property name="java.vm.specification.vendor" value="Oracle Corporation"/>
    <property name="java.specification.name" value="Java Platform API Specification"/>
    <property name="surefire.real.class.path" value="C:\Users\Kevin\AppData\Local\Temp\surefire967832176433651508\surefirebooter8681117958658034037.jar"/>
    <property name="user.script" value=""/>
    <property name="sun.management.compiler" value="HotSpot 64-Bit Tiered Compilers"/>
    <property name="java.runtime.version" value="21.0.4+8-LTS-274"/>
    <property name="user.name" value="Kevin"/>
    <property name="stdout.encoding" value="UTF-8"/>
    <property name="path.separator" value=";"/>
    <property name="os.version" value="10.0"/>
    <property name="java.runtime.name" value="Java(TM) SE Runtime Environment"/>
    <property name="file.encoding" value="UTF-8"/>
    <property name="java.vm.name" value="Java HotSpot(TM) 64-Bit Server VM"/>
    <property name="localRepository" value="C:\Users\Kevin\.m2\repository"/>
    <property name="java.vendor.url.bug" value="https://bugreport.java.com/bugreport/"/>
    <property name="java.io.tmpdir" value="C:\Users\Kevin\AppData\Local\Temp\"/>
    <property name="java.version" value="21.0.4"/>
    <property name="user.dir" value="C:\Users\Kevin\Desktop\Factoria5-Proyectos\body_mass_index"/>
    <property name="os.arch" value="amd64"/>
    <property name="java.vm.specification.name" value="Java Virtual Machine Specification"/>
    <property name="sun.os.patch.level" value=""/>
    <property name="native.encoding" value="Cp1252"/>
    <property name="java.library.path" value="C:\Program Files\Java\jdk-21\bin;C:\WINDOWS\Sun\Java\bin;C:\WINDOWS\system32;C:\WINDOWS;C:\Users\Kevin\AppData\Roaming\Code\User\globalStorage\pleiades.java-extension-pack-jdk\gradle\latest\bin;C:\Users\Kevin\AppData\Roaming\Code\User\globalStorage\pleiades.java-extension-pack-jdk\maven\latest\bin;C:\Program Files\Java\jdk-21\bin;C:\Program Files\Common Files\Oracle\Java\javapath;C:\WINDOWS\system32;C:\WINDOWS;C:\WINDOWS\System32\Wbem;C:\WINDOWS\System32\WindowsPowerShell\v1.0\;C:\WINDOWS\System32\OpenSSH\;C:\Program Files\AutoFirma\AutoFirma;C:\Program Files\Git\cmd;C:\Program Files\apache-maven-3.9.9-bin\apache-maven-3.9.9\bin;C:\Program Files\Docker\Docker\resources\bin;F:\platform-tools-latest-windows\platform-tools;C:\Users\Kevin\AppData\Local\Programs\Python\Launcher\;C:\Users\Kevin\AppData\Local\Microsoft\WindowsApps;C:\Users\Kevin\AppData\Local\Programs\Microsoft VS Code\bin;C:\Users\Kevin\AppData\Local\InfoCert\GoSign Desktop\RAO;."/>
    <property name="java.vm.info" value="mixed mode, sharing"/>
    <property name="stderr.encoding" value="UTF-8"/>
    <property name="java.vendor" value="Oracle Corporation"/>
    <property name="java.vm.version" value="21.0.4+8-LTS-274"/>
    <property name="sun.io.unicode.encoding" value="UnicodeLittle"/>
    <property name="java.class.version" value="65.0"/>
  </properties>
  <testcase name="testMostrarIMC" classname="org.factoriaf5.imc.IMCTest" time="0.009">
    <error message="Unresolved compilation problems: &#10;	IMCCalculator cannot be resolved to a type&#10;	IMCCalculator cannot be resolved to a type&#10;" type="java.lang.Error">java.lang.Error: 
Unresolved compilation problems: 
	IMCCalculator cannot be resolved to a type
	IMCCalculator cannot be resolved to a type

	at org.factoriaf5.imc.IMCTest.testMostrarIMC(IMCTest.java:59)
</error>
  </testcase>
  <testcase name="testCalcularIMC" classname="org.factoriaf5.imc.IMCTest" time="0.001">
    <error message="Unresolved compilation problems: &#10;	IMCCalculator cannot be resolved to a type&#10;	IMCCalculator cannot be resolved to a type&#10;	IMCCalculator cannot be resolved to a type&#10;	IMCCalculator cannot be resolved to a type&#10;	IMCCalculator cannot be resolved to a type&#10;	IMCCalculator cannot be resolved to a type&#10;" type="java.lang.Error">java.lang.Error: 
Unresolved compilation problems: 
	IMCCalculator cannot be resolved to a type
	IMCCalculator cannot be resolved to a type
	IMCCalculator cannot be resolved to a type
	IMCCalculator cannot be resolved to a type
	IMCCalculator cannot be resolved to a type
	IMCCalculator cannot be resolved to a type

	at org.factoriaf5.imc.IMCTest.testCalcularIMC(IMCTest.java:12)
</error>
  </testcase>
  <testcase name="testObtenerCategoria" classname="org.factoriaf5.imc.IMCTest" time="0">
    <error message="Unresolved compilation problems: &#10;	IMCCalculator cannot be resolved to a type&#10;	IMCCalculator cannot be resolved to a type&#10;	IMCCalculator cannot be resolved&#10;	IMCCalculator cannot be resolved to a type&#10;	IMCCalculator cannot be resolved to a type&#10;	IMCCalculator cannot be resolved&#10;	IMCCalculator cannot be resolved to a type&#10;	IMCCalculator cannot be resolved to a type&#10;	IMCCalculator cannot be resolved&#10;	IMCCalculator cannot be resolved to a type&#10;	IMCCalculator cannot be resolved to a type&#10;	IMCCalculator cannot be resolved&#10;" type="java.lang.Error">java.lang.Error: 
Unresolved compilation problems: 
	IMCCalculator cannot be resolved to a type
	IMCCalculator cannot be resolved to a type
	IMCCalculator cannot be resolved
	IMCCalculator cannot be resolved to a type
	IMCCalculator cannot be resolved to a type
	IMCCalculator cannot be resolved
	IMCCalculator cannot be resolved to a type
	IMCCalculator cannot be resolved to a type
	IMCCalculator cannot be resolved
	IMCCalculator cannot be resolved to a type
	IMCCalculator cannot be resolved to a type
	IMCCalculator cannot be resolved

	at org.factoriaf5.imc.IMCTest.testObtenerCategoria(IMCTest.java:25)
</error>
  </testcase>
  <testcase name="testObtenerResultado" classname="org.factoriaf5.imc.IMCTest" time="0.001">
    <error message="Unresolved compilation problems: &#10;	IMCCalculator cannot be resolved to a type&#10;	IMCCalculator cannot be resolved to a type&#10;	IMCCalculator cannot be resolved to a type&#10;	IMCCalculator cannot be resolved to a type&#10;" type="java.lang.Error">java.lang.Error: 
Unresolved compilation problems: 
	IMCCalculator cannot be resolved to a type
	IMCCalculator cannot be resolved to a type
	IMCCalculator cannot be resolved to a type
	IMCCalculator cannot be resolved to a type

	at org.factoriaf5.imc.IMCTest.testObtenerResultado(IMCTest.java:45)
</error>
  </testcase>
</testsuite>